<?xml version="1.0" encoding="UTF-8"?><testsuite errors="0" failures="1" name="herokuapp.booker.restful.HeroKuappTest.CURDTest" skipped="0" tests="1" time="11.76" timestamp="2022-06-07T22:47:39.043+01:00[Europe/London]"><testcase classname="herokuapp.booker.restful.HeroKuappTest.CURDTest" name="This will create a new booking"><failure message="1 expectation failed.&#10;Expected status code &lt;200&gt; but was &lt;500&gt;.&#10;" type="java.lang.AssertionError">1 expectation failed.
Expected status code &lt;200&gt; but was &lt;500&gt;.
</failure><system-err>1 expectation failed.
Expected status code &lt;200&gt; but was &lt;500&gt;.
&#13;
io.restassured.internal.ResponseSpecificationImpl.validateResponseIfRequired(ResponseSpecificationImpl.groovy:636)&#13;
io.restassured.internal.ResponseSpecificationImpl.statusCode(ResponseSpecificationImpl.groovy:122)&#13;
io.restassured.internal.ResponseSpecificationImpl.statusCode(ResponseSpecificationImpl.groovy:130)&#13;
io.restassured.internal.ValidatableResponseOptionsImpl.statusCode(ValidatableResponseOptionsImpl.java:117)&#13;
herokuapp.booker.restful.HeroKuappTest.CURDTest.test001(CURDTest.java:36)&#13;
</system-err></testcase></testsuite>